{"contracts\\PartsFactory.sol":{"l":{"51":20,"52":58,"54":18,"59":18,"60":56,"62":18,"67":18,"68":18,"69":56,"70":56,"71":54,"73":16,"78":19,"79":15,"84":13,"85":13,"93":23,"97":24,"107":39,"108":37,"109":35,"111":33,"120":33,"121":33,"122":33,"123":33,"125":33,"138":9,"139":9,"141":7,"142":7,"143":7,"145":7,"147":7,"148":25,"149":25,"152":7,"161":4,"163":2,"164":2,"165":2,"166":5,"167":5,"168":5,"171":2,"173":2,"174":2,"188":7,"189":7,"190":5,"191":3,"193":1,"194":1,"195":1,"196":1,"198":1,"210":2,"211":2,"213":2,"214":1,"218":1,"219":2,"220":1,"221":1,"222":1,"223":1,"224":1,"225":1,"228":1,"229":1,"238":53,"239":35,"241":8,"242":8,"243":8,"247":18,"248":18,"249":10,"252":18,"253":8},"path":"C:\\Users\\kaspe\\Documents\\GBC_Blockchain_Development\\Smart_Contracts_Development_Essentials\\ERC-721-Assigment\\contracts\\PartsFactory.sol","s":{"1":20,"2":58,"3":18,"4":56,"5":18,"6":18,"7":56,"8":56,"9":54,"10":19,"11":13,"12":23,"13":24,"14":39,"15":37,"16":35,"17":33,"18":33,"19":33,"20":33,"21":33,"22":33,"23":9,"24":9,"25":7,"26":7,"27":7,"28":7,"29":7,"30":25,"31":25,"32":7,"33":4,"34":2,"35":2,"36":2,"37":5,"38":5,"39":5,"40":2,"41":2,"42":7,"43":7,"44":5,"45":3,"46":1,"47":1,"48":1,"49":1,"50":1,"51":2,"52":2,"53":2,"54":1,"55":1,"56":2,"57":1,"58":1,"59":1,"60":1,"61":1,"62":1,"63":1,"64":53,"65":35,"66":18,"67":8,"68":8,"69":8,"70":18,"71":18,"72":10,"73":18,"74":8},"b":{"1":[56,2],"2":[56,0],"3":[54,2],"4":[15,4],"5":[13,0],"6":[37,2],"7":[35,2],"8":[33,2],"9":[9,0],"10":[7,2],"11":[2,2],"12":[5,2],"13":[3,2],"14":[1,2],"15":[1,1],"16":[1,1],"17":[1,0],"18":[35,18],"19":[8,10],"20":[8,0],"21":[8,10]},"f":{"1":3,"2":20,"3":18,"4":18,"5":19,"6":13,"7":23,"8":24,"9":39,"10":9,"11":4,"12":7,"13":2,"14":53},"fnMap":{"1":{"name":"constructor","line":37,"loc":{"start":{"line":37,"column":4},"end":{"line":37,"column":84}}},"2":{"name":"areAuthorized","line":50,"loc":{"start":{"line":50,"column":4},"end":{"line":55,"column":4}}},"3":{"name":"areDisassembled","line":58,"loc":{"start":{"line":58,"column":4},"end":{"line":63,"column":4}}},"4":{"name":"haveSameOwner","line":66,"loc":{"start":{"line":66,"column":4},"end":{"line":74,"column":4}}},"5":{"name":"isAuthorized","line":77,"loc":{"start":{"line":77,"column":4},"end":{"line":80,"column":4}}},"6":{"name":"isDisassembled","line":83,"loc":{"start":{"line":83,"column":4},"end":{"line":86,"column":4}}},"7":{"name":"getPartProperties","line":92,"loc":{"start":{"line":92,"column":4},"end":{"line":94,"column":4}}},"8":{"name":"getPartRelations","line":96,"loc":{"start":{"line":96,"column":4},"end":{"line":98,"column":4}}},"9":{"name":"mintSinglePart","line":101,"loc":{"start":{"line":101,"column":4},"end":{"line":126,"column":4}}},"10":{"name":"assembleParts","line":137,"loc":{"start":{"line":129,"column":4},"end":{"line":153,"column":4}}},"11":{"name":"disassemblePart","line":160,"loc":{"start":{"line":156,"column":4},"end":{"line":175,"column":4}}},"12":{"name":"addToAssembly","line":186,"loc":{"start":{"line":178,"column":4},"end":{"line":200,"column":4}}},"13":{"name":"removeFromAssembly","line":209,"loc":{"start":{"line":203,"column":4},"end":{"line":231,"column":8}}},"14":{"name":"_beforeTokenTransfer","line":233,"loc":{"start":{"line":233,"column":4},"end":{"line":255,"column":4}}}},"statementMap":{"1":{"start":{"line":51,"column":8},"end":{"line":51,"column":1795}},"2":{"start":{"line":52,"column":12},"end":{"line":52,"column":116}},"3":{"start":{"line":59,"column":8},"end":{"line":59,"column":2112}},"4":{"start":{"line":60,"column":12},"end":{"line":60,"column":109}},"5":{"start":{"line":67,"column":8},"end":{"line":67,"column":25}},"6":{"start":{"line":68,"column":8},"end":{"line":68,"column":2451}},"7":{"start":{"line":69,"column":12},"end":{"line":69,"column":52}},"8":{"start":{"line":70,"column":12},"end":{"line":70,"column":111}},"9":{"start":{"line":71,"column":12},"end":{"line":71,"column":32}},"10":{"start":{"line":78,"column":8},"end":{"line":78,"column":91}},"11":{"start":{"line":84,"column":8},"end":{"line":84,"column":88}},"12":{"start":{"line":93,"column":8},"end":{"line":93,"column":115}},"13":{"start":{"line":97,"column":8},"end":{"line":97,"column":75}},"14":{"start":{"line":107,"column":8},"end":{"line":107,"column":62}},"15":{"start":{"line":108,"column":8},"end":{"line":108,"column":73}},"16":{"start":{"line":109,"column":8},"end":{"line":109,"column":89}},"17":{"start":{"line":111,"column":8},"end":{"line":111,"column":4187}},"18":{"start":{"line":120,"column":8},"end":{"line":120,"column":31}},"19":{"start":{"line":121,"column":8},"end":{"line":121,"column":47}},"20":{"start":{"line":122,"column":8},"end":{"line":122,"column":27}},"21":{"start":{"line":123,"column":8},"end":{"line":123,"column":28}},"22":{"start":{"line":125,"column":8},"end":{"line":125,"column":49}},"23":{"start":{"line":138,"column":8},"end":{"line":138,"column":77}},"24":{"start":{"line":139,"column":8},"end":{"line":139,"column":64}},"25":{"start":{"line":141,"column":8},"end":{"line":141,"column":44}},"26":{"start":{"line":142,"column":8},"end":{"line":142,"column":80}},"27":{"start":{"line":143,"column":8},"end":{"line":143,"column":50}},"28":{"start":{"line":145,"column":8},"end":{"line":145,"column":49}},"29":{"start":{"line":147,"column":8},"end":{"line":147,"column":5447}},"30":{"start":{"line":148,"column":12},"end":{"line":148,"column":63}},"31":{"start":{"line":149,"column":12},"end":{"line":149,"column":54}},"32":{"start":{"line":152,"column":8},"end":{"line":152,"column":60}},"33":{"start":{"line":161,"column":8},"end":{"line":161,"column":78}},"34":{"start":{"line":163,"column":8},"end":{"line":163,"column":61}},"35":{"start":{"line":164,"column":8},"end":{"line":164,"column":68}},"36":{"start":{"line":165,"column":8},"end":{"line":165,"column":6120}},"37":{"start":{"line":166,"column":12},"end":{"line":166,"column":68}},"38":{"start":{"line":167,"column":12},"end":{"line":167,"column":87}},"39":{"start":{"line":168,"column":12},"end":{"line":168,"column":67}},"40":{"start":{"line":171,"column":8},"end":{"line":171,"column":104}},"41":{"start":{"line":173,"column":8},"end":{"line":173,"column":21}},"42":{"start":{"line":188,"column":8},"end":{"line":188,"column":48}},"43":{"start":{"line":189,"column":8},"end":{"line":189,"column":84}},"44":{"start":{"line":190,"column":8},"end":{"line":190,"column":105}},"45":{"start":{"line":191,"column":8},"end":{"line":191,"column":85}},"46":{"start":{"line":193,"column":8},"end":{"line":193,"column":7294}},"47":{"start":{"line":194,"column":12},"end":{"line":194,"column":66}},"48":{"start":{"line":195,"column":12},"end":{"line":195,"column":63}},"49":{"start":{"line":196,"column":12},"end":{"line":196,"column":60}},"50":{"start":{"line":198,"column":12},"end":{"line":198,"column":73}},"51":{"start":{"line":210,"column":12},"end":{"line":210,"column":22}},"52":{"start":{"line":211,"column":12},"end":{"line":211,"column":73}},"53":{"start":{"line":213,"column":12},"end":{"line":213,"column":8110}},"54":{"start":{"line":214,"column":16},"end":{"line":214,"column":47}},"55":{"start":{"line":218,"column":16},"end":{"line":218,"column":8284}},"56":{"start":{"line":219,"column":20},"end":{"line":219,"column":8345}},"57":{"start":{"line":220,"column":24},"end":{"line":220,"column":115}},"58":{"start":{"line":221,"column":24},"end":{"line":221,"column":66}},"59":{"start":{"line":222,"column":24},"end":{"line":222,"column":74}},"60":{"start":{"line":223,"column":24},"end":{"line":223,"column":54}},"61":{"start":{"line":224,"column":24},"end":{"line":224,"column":35}},"62":{"start":{"line":228,"column":16},"end":{"line":228,"column":71}},"63":{"start":{"line":229,"column":16},"end":{"line":229,"column":96}},"64":{"start":{"line":238,"column":8},"end":{"line":238,"column":9174}},"65":{"start":{"line":239,"column":12},"end":{"line":239,"column":18}},"66":{"start":{"line":240,"column":15},"end":{"line":240,"column":9256}},"67":{"start":{"line":241,"column":12},"end":{"line":241,"column":108}},"68":{"start":{"line":242,"column":12},"end":{"line":242,"column":43}},"69":{"start":{"line":243,"column":12},"end":{"line":243,"column":48}},"70":{"start":{"line":247,"column":8},"end":{"line":247,"column":61}},"71":{"start":{"line":248,"column":8},"end":{"line":248,"column":9657}},"72":{"start":{"line":249,"column":12},"end":{"line":249,"column":64}},"73":{"start":{"line":252,"column":8},"end":{"line":252,"column":9783}},"74":{"start":{"line":253,"column":12},"end":{"line":253,"column":44}}},"branchMap":{"1":{"line":52,"type":"if","locations":[{"start":{"line":52,"column":12},"end":{"line":52,"column":12}},{"start":{"line":52,"column":12},"end":{"line":52,"column":12}}]},"2":{"line":60,"type":"if","locations":[{"start":{"line":60,"column":12},"end":{"line":60,"column":12}},{"start":{"line":60,"column":12},"end":{"line":60,"column":12}}]},"3":{"line":70,"type":"if","locations":[{"start":{"line":70,"column":12},"end":{"line":70,"column":12}},{"start":{"line":70,"column":12},"end":{"line":70,"column":12}}]},"4":{"line":78,"type":"if","locations":[{"start":{"line":78,"column":8},"end":{"line":78,"column":8}},{"start":{"line":78,"column":8},"end":{"line":78,"column":8}}]},"5":{"line":84,"type":"if","locations":[{"start":{"line":84,"column":8},"end":{"line":84,"column":8}},{"start":{"line":84,"column":8},"end":{"line":84,"column":8}}]},"6":{"line":107,"type":"if","locations":[{"start":{"line":107,"column":8},"end":{"line":107,"column":8}},{"start":{"line":107,"column":8},"end":{"line":107,"column":8}}]},"7":{"line":108,"type":"if","locations":[{"start":{"line":108,"column":8},"end":{"line":108,"column":8}},{"start":{"line":108,"column":8},"end":{"line":108,"column":8}}]},"8":{"line":109,"type":"if","locations":[{"start":{"line":109,"column":8},"end":{"line":109,"column":8}},{"start":{"line":109,"column":8},"end":{"line":109,"column":8}}]},"9":{"line":138,"type":"if","locations":[{"start":{"line":138,"column":8},"end":{"line":138,"column":8}},{"start":{"line":138,"column":8},"end":{"line":138,"column":8}}]},"10":{"line":139,"type":"if","locations":[{"start":{"line":139,"column":8},"end":{"line":139,"column":8}},{"start":{"line":139,"column":8},"end":{"line":139,"column":8}}]},"11":{"line":161,"type":"if","locations":[{"start":{"line":161,"column":8},"end":{"line":161,"column":8}},{"start":{"line":161,"column":8},"end":{"line":161,"column":8}}]},"12":{"line":189,"type":"if","locations":[{"start":{"line":189,"column":8},"end":{"line":189,"column":8}},{"start":{"line":189,"column":8},"end":{"line":189,"column":8}}]},"13":{"line":190,"type":"if","locations":[{"start":{"line":190,"column":8},"end":{"line":190,"column":8}},{"start":{"line":190,"column":8},"end":{"line":190,"column":8}}]},"14":{"line":191,"type":"if","locations":[{"start":{"line":191,"column":8},"end":{"line":191,"column":8}},{"start":{"line":191,"column":8},"end":{"line":191,"column":8}}]},"15":{"line":213,"type":"if","locations":[{"start":{"line":213,"column":12},"end":{"line":213,"column":12}},{"start":{"line":213,"column":12},"end":{"line":213,"column":12}}]},"16":{"line":219,"type":"if","locations":[{"start":{"line":219,"column":20},"end":{"line":219,"column":20}},{"start":{"line":219,"column":20},"end":{"line":219,"column":20}}]},"17":{"line":228,"type":"if","locations":[{"start":{"line":228,"column":16},"end":{"line":228,"column":16}},{"start":{"line":228,"column":16},"end":{"line":228,"column":16}}]},"18":{"line":238,"type":"if","locations":[{"start":{"line":238,"column":8},"end":{"line":238,"column":8}},{"start":{"line":238,"column":8},"end":{"line":238,"column":8}}]},"19":{"line":240,"type":"if","locations":[{"start":{"line":240,"column":15},"end":{"line":240,"column":15}},{"start":{"line":240,"column":15},"end":{"line":240,"column":15}}]},"20":{"line":241,"type":"if","locations":[{"start":{"line":241,"column":12},"end":{"line":241,"column":12}},{"start":{"line":241,"column":12},"end":{"line":241,"column":12}}]},"21":{"line":252,"type":"if","locations":[{"start":{"line":252,"column":8},"end":{"line":252,"column":8}},{"start":{"line":252,"column":8},"end":{"line":252,"column":8}}]}}}}