{"contracts\\PartsFactory.sol":{"l":{"53":17,"54":50,"56":15,"61":15,"62":48,"64":15,"69":15,"70":15,"71":48,"72":48,"73":46,"75":13,"80":18,"81":14,"86":12,"87":12,"95":20,"99":3,"111":30,"112":28,"113":26,"115":24,"124":24,"125":24,"126":24,"127":24,"129":24,"131":24,"145":6,"146":6,"148":4,"149":4,"151":4,"153":4,"154":17,"155":17,"158":4,"159":4,"169":3,"171":1,"172":1,"173":1,"174":3,"175":3,"176":3,"179":1,"181":1,"182":1,"183":1,"197":7,"198":7,"199":5,"200":3,"202":1,"203":1,"204":1,"205":1,"207":1,"220":2,"221":2,"223":2,"224":1,"225":1,"226":1,"227":1,"230":1,"231":1,"232":1,"233":2,"234":2,"235":2,"237":1,"238":1,"239":1,"244":1,"245":1,"246":2,"247":1,"248":1,"249":1,"250":1,"251":1,"252":1,"253":1,"256":1,"258":0,"259":0,"267":35,"268":26,"270":7,"271":7,"272":7,"276":9,"277":9,"278":2,"281":9,"282":7},"path":"C:\\Users\\bzrra\\OneDrive\\Documentos\\Cripto\\George Brown\\Smart Contracts Essential\\ERC721 Assignment\\contracts\\PartsFactory.sol","s":{"1":17,"2":50,"3":15,"4":48,"5":15,"6":15,"7":48,"8":48,"9":46,"10":18,"11":12,"12":20,"13":3,"14":30,"15":28,"16":26,"17":24,"18":24,"19":24,"20":24,"21":24,"22":24,"23":24,"24":6,"25":6,"26":4,"27":4,"28":4,"29":4,"30":17,"31":17,"32":4,"33":4,"34":3,"35":1,"36":1,"37":1,"38":3,"39":3,"40":3,"41":1,"42":1,"43":1,"44":7,"45":7,"46":5,"47":3,"48":1,"49":1,"50":1,"51":1,"52":1,"53":2,"54":2,"55":2,"56":1,"57":1,"58":1,"59":1,"60":1,"61":1,"62":2,"63":2,"64":2,"65":1,"66":1,"67":1,"68":1,"69":2,"70":1,"71":1,"72":1,"73":1,"74":1,"75":1,"76":1,"77":0,"78":0,"79":35,"80":26,"81":9,"82":7,"83":7,"84":7,"85":9,"86":9,"87":2,"88":9,"89":7},"b":{"1":[48,2],"2":[48,0],"3":[46,2],"4":[14,4],"5":[12,0],"6":[28,2],"7":[26,2],"8":[24,2],"9":[6,0],"10":[4,2],"11":[1,2],"12":[5,2],"13":[3,2],"14":[1,2],"15":[1,1],"16":[1,0],"17":[1,0],"18":[1,1],"19":[0,0],"20":[26,9],"21":[7,2],"22":[7,0],"23":[7,2]},"f":{"1":3,"2":17,"3":15,"4":15,"5":18,"6":12,"7":20,"8":3,"9":30,"10":6,"11":3,"12":7,"13":2,"14":35},"fnMap":{"1":{"name":"constructor","line":39,"loc":{"start":{"line":39,"column":4},"end":{"line":39,"column":84}}},"2":{"name":"areAuthorized","line":52,"loc":{"start":{"line":52,"column":4},"end":{"line":57,"column":4}}},"3":{"name":"areDisassembled","line":60,"loc":{"start":{"line":60,"column":4},"end":{"line":65,"column":4}}},"4":{"name":"haveSameOwner","line":68,"loc":{"start":{"line":68,"column":4},"end":{"line":76,"column":4}}},"5":{"name":"isAuthorized","line":79,"loc":{"start":{"line":79,"column":4},"end":{"line":82,"column":4}}},"6":{"name":"isDisassembled","line":85,"loc":{"start":{"line":85,"column":4},"end":{"line":88,"column":4}}},"7":{"name":"getPart","line":94,"loc":{"start":{"line":94,"column":4},"end":{"line":96,"column":4}}},"8":{"name":"getPartRelations","line":98,"loc":{"start":{"line":98,"column":4},"end":{"line":100,"column":4}}},"9":{"name":"mintSinglePart","line":103,"loc":{"start":{"line":103,"column":4},"end":{"line":132,"column":4}}},"10":{"name":"assembleParts","line":143,"loc":{"start":{"line":135,"column":4},"end":{"line":160,"column":4}}},"11":{"name":"disassemblePart","line":167,"loc":{"start":{"line":163,"column":4},"end":{"line":184,"column":4}}},"12":{"name":"addToAssembly","line":195,"loc":{"start":{"line":187,"column":4},"end":{"line":209,"column":4}}},"13":{"name":"removeFromAssembly","line":218,"loc":{"start":{"line":212,"column":4},"end":{"line":260,"column":8}}},"14":{"name":"_beforeTokenTransfer","line":262,"loc":{"start":{"line":262,"column":4},"end":{"line":284,"column":4}}}},"statementMap":{"1":{"start":{"line":53,"column":8},"end":{"line":53,"column":1829}},"2":{"start":{"line":54,"column":12},"end":{"line":54,"column":116}},"3":{"start":{"line":61,"column":8},"end":{"line":61,"column":2146}},"4":{"start":{"line":62,"column":12},"end":{"line":62,"column":109}},"5":{"start":{"line":69,"column":8},"end":{"line":69,"column":25}},"6":{"start":{"line":70,"column":8},"end":{"line":70,"column":2485}},"7":{"start":{"line":71,"column":12},"end":{"line":71,"column":52}},"8":{"start":{"line":72,"column":12},"end":{"line":72,"column":111}},"9":{"start":{"line":73,"column":12},"end":{"line":73,"column":32}},"10":{"start":{"line":80,"column":8},"end":{"line":80,"column":91}},"11":{"start":{"line":86,"column":8},"end":{"line":86,"column":88}},"12":{"start":{"line":95,"column":8},"end":{"line":95,"column":29}},"13":{"start":{"line":99,"column":8},"end":{"line":99,"column":44}},"14":{"start":{"line":111,"column":8},"end":{"line":111,"column":62}},"15":{"start":{"line":112,"column":8},"end":{"line":112,"column":73}},"16":{"start":{"line":113,"column":8},"end":{"line":113,"column":89}},"17":{"start":{"line":115,"column":8},"end":{"line":115,"column":4075}},"18":{"start":{"line":124,"column":8},"end":{"line":124,"column":31}},"19":{"start":{"line":125,"column":8},"end":{"line":125,"column":47}},"20":{"start":{"line":126,"column":8},"end":{"line":126,"column":27}},"21":{"start":{"line":127,"column":8},"end":{"line":127,"column":28}},"22":{"start":{"line":129,"column":8},"end":{"line":129,"column":49}},"23":{"start":{"line":131,"column":8},"end":{"line":131,"column":21}},"24":{"start":{"line":145,"column":8},"end":{"line":145,"column":77}},"25":{"start":{"line":146,"column":8},"end":{"line":146,"column":64}},"26":{"start":{"line":148,"column":8},"end":{"line":148,"column":44}},"27":{"start":{"line":149,"column":8},"end":{"line":149,"column":101}},"28":{"start":{"line":151,"column":8},"end":{"line":151,"column":49}},"29":{"start":{"line":153,"column":8},"end":{"line":153,"column":5355}},"30":{"start":{"line":154,"column":12},"end":{"line":154,"column":63}},"31":{"start":{"line":155,"column":12},"end":{"line":155,"column":54}},"32":{"start":{"line":158,"column":8},"end":{"line":158,"column":60}},"33":{"start":{"line":159,"column":8},"end":{"line":159,"column":24}},"34":{"start":{"line":169,"column":8},"end":{"line":169,"column":78}},"35":{"start":{"line":171,"column":8},"end":{"line":171,"column":61}},"36":{"start":{"line":172,"column":8},"end":{"line":172,"column":68}},"37":{"start":{"line":173,"column":8},"end":{"line":173,"column":6091}},"38":{"start":{"line":174,"column":12},"end":{"line":174,"column":68}},"39":{"start":{"line":175,"column":12},"end":{"line":175,"column":87}},"40":{"start":{"line":176,"column":12},"end":{"line":176,"column":67}},"41":{"start":{"line":179,"column":8},"end":{"line":179,"column":83}},"42":{"start":{"line":181,"column":8},"end":{"line":181,"column":21}},"43":{"start":{"line":183,"column":8},"end":{"line":183,"column":34}},"44":{"start":{"line":197,"column":8},"end":{"line":197,"column":48}},"45":{"start":{"line":198,"column":8},"end":{"line":198,"column":84}},"46":{"start":{"line":199,"column":8},"end":{"line":199,"column":105}},"47":{"start":{"line":200,"column":8},"end":{"line":200,"column":85}},"48":{"start":{"line":202,"column":8},"end":{"line":202,"column":7281}},"49":{"start":{"line":203,"column":12},"end":{"line":203,"column":66}},"50":{"start":{"line":204,"column":12},"end":{"line":204,"column":63}},"51":{"start":{"line":205,"column":12},"end":{"line":205,"column":60}},"52":{"start":{"line":207,"column":12},"end":{"line":207,"column":73}},"53":{"start":{"line":220,"column":12},"end":{"line":220,"column":22}},"54":{"start":{"line":221,"column":12},"end":{"line":221,"column":73}},"55":{"start":{"line":223,"column":12},"end":{"line":223,"column":8156}},"56":{"start":{"line":224,"column":16},"end":{"line":224,"column":8234}},"57":{"start":{"line":225,"column":20},"end":{"line":225,"column":8295}},"58":{"start":{"line":226,"column":24},"end":{"line":226,"column":35}},"59":{"start":{"line":230,"column":16},"end":{"line":230,"column":8479}},"60":{"start":{"line":231,"column":20},"end":{"line":231,"column":62}},"61":{"start":{"line":232,"column":20},"end":{"line":232,"column":8582}},"62":{"start":{"line":233,"column":24},"end":{"line":233,"column":88}},"63":{"start":{"line":234,"column":24},"end":{"line":234,"column":107}},"64":{"start":{"line":235,"column":24},"end":{"line":235,"column":87}},"65":{"start":{"line":237,"column":20},"end":{"line":237,"column":41}},"66":{"start":{"line":239,"column":20},"end":{"line":239,"column":46}},"67":{"start":{"line":244,"column":16},"end":{"line":244,"column":58}},"68":{"start":{"line":245,"column":16},"end":{"line":245,"column":9258}},"69":{"start":{"line":246,"column":20},"end":{"line":246,"column":9319}},"70":{"start":{"line":247,"column":24},"end":{"line":247,"column":88}},"71":{"start":{"line":248,"column":24},"end":{"line":248,"column":35}},"72":{"start":{"line":249,"column":24},"end":{"line":249,"column":115}},"73":{"start":{"line":250,"column":24},"end":{"line":250,"column":66}},"74":{"start":{"line":251,"column":24},"end":{"line":251,"column":74}},"75":{"start":{"line":252,"column":24},"end":{"line":252,"column":54}},"76":{"start":{"line":256,"column":16},"end":{"line":256,"column":42}},"77":{"start":{"line":258,"column":12},"end":{"line":258,"column":67}},"78":{"start":{"line":259,"column":12},"end":{"line":259,"column":92}},"79":{"start":{"line":267,"column":8},"end":{"line":267,"column":10277}},"80":{"start":{"line":268,"column":12},"end":{"line":268,"column":18}},"81":{"start":{"line":269,"column":15},"end":{"line":269,"column":10359}},"82":{"start":{"line":270,"column":12},"end":{"line":270,"column":108}},"83":{"start":{"line":271,"column":12},"end":{"line":271,"column":43}},"84":{"start":{"line":272,"column":12},"end":{"line":272,"column":48}},"85":{"start":{"line":276,"column":8},"end":{"line":276,"column":61}},"86":{"start":{"line":277,"column":8},"end":{"line":277,"column":10760}},"87":{"start":{"line":278,"column":12},"end":{"line":278,"column":64}},"88":{"start":{"line":281,"column":8},"end":{"line":281,"column":10886}},"89":{"start":{"line":282,"column":12},"end":{"line":282,"column":44}}},"branchMap":{"1":{"line":54,"type":"if","locations":[{"start":{"line":54,"column":12},"end":{"line":54,"column":12}},{"start":{"line":54,"column":12},"end":{"line":54,"column":12}}]},"2":{"line":62,"type":"if","locations":[{"start":{"line":62,"column":12},"end":{"line":62,"column":12}},{"start":{"line":62,"column":12},"end":{"line":62,"column":12}}]},"3":{"line":72,"type":"if","locations":[{"start":{"line":72,"column":12},"end":{"line":72,"column":12}},{"start":{"line":72,"column":12},"end":{"line":72,"column":12}}]},"4":{"line":80,"type":"if","locations":[{"start":{"line":80,"column":8},"end":{"line":80,"column":8}},{"start":{"line":80,"column":8},"end":{"line":80,"column":8}}]},"5":{"line":86,"type":"if","locations":[{"start":{"line":86,"column":8},"end":{"line":86,"column":8}},{"start":{"line":86,"column":8},"end":{"line":86,"column":8}}]},"6":{"line":111,"type":"if","locations":[{"start":{"line":111,"column":8},"end":{"line":111,"column":8}},{"start":{"line":111,"column":8},"end":{"line":111,"column":8}}]},"7":{"line":112,"type":"if","locations":[{"start":{"line":112,"column":8},"end":{"line":112,"column":8}},{"start":{"line":112,"column":8},"end":{"line":112,"column":8}}]},"8":{"line":113,"type":"if","locations":[{"start":{"line":113,"column":8},"end":{"line":113,"column":8}},{"start":{"line":113,"column":8},"end":{"line":113,"column":8}}]},"9":{"line":145,"type":"if","locations":[{"start":{"line":145,"column":8},"end":{"line":145,"column":8}},{"start":{"line":145,"column":8},"end":{"line":145,"column":8}}]},"10":{"line":146,"type":"if","locations":[{"start":{"line":146,"column":8},"end":{"line":146,"column":8}},{"start":{"line":146,"column":8},"end":{"line":146,"column":8}}]},"11":{"line":169,"type":"if","locations":[{"start":{"line":169,"column":8},"end":{"line":169,"column":8}},{"start":{"line":169,"column":8},"end":{"line":169,"column":8}}]},"12":{"line":198,"type":"if","locations":[{"start":{"line":198,"column":8},"end":{"line":198,"column":8}},{"start":{"line":198,"column":8},"end":{"line":198,"column":8}}]},"13":{"line":199,"type":"if","locations":[{"start":{"line":199,"column":8},"end":{"line":199,"column":8}},{"start":{"line":199,"column":8},"end":{"line":199,"column":8}}]},"14":{"line":200,"type":"if","locations":[{"start":{"line":200,"column":8},"end":{"line":200,"column":8}},{"start":{"line":200,"column":8},"end":{"line":200,"column":8}}]},"15":{"line":223,"type":"if","locations":[{"start":{"line":223,"column":12},"end":{"line":223,"column":12}},{"start":{"line":223,"column":12},"end":{"line":223,"column":12}}]},"16":{"line":225,"type":"if","locations":[{"start":{"line":225,"column":20},"end":{"line":225,"column":20}},{"start":{"line":225,"column":20},"end":{"line":225,"column":20}}]},"17":{"line":230,"type":"if","locations":[{"start":{"line":230,"column":16},"end":{"line":230,"column":16}},{"start":{"line":230,"column":16},"end":{"line":230,"column":16}}]},"18":{"line":246,"type":"if","locations":[{"start":{"line":246,"column":20},"end":{"line":246,"column":20}},{"start":{"line":246,"column":20},"end":{"line":246,"column":20}}]},"19":{"line":258,"type":"if","locations":[{"start":{"line":258,"column":12},"end":{"line":258,"column":12}},{"start":{"line":258,"column":12},"end":{"line":258,"column":12}}]},"20":{"line":267,"type":"if","locations":[{"start":{"line":267,"column":8},"end":{"line":267,"column":8}},{"start":{"line":267,"column":8},"end":{"line":267,"column":8}}]},"21":{"line":269,"type":"if","locations":[{"start":{"line":269,"column":15},"end":{"line":269,"column":15}},{"start":{"line":269,"column":15},"end":{"line":269,"column":15}}]},"22":{"line":270,"type":"if","locations":[{"start":{"line":270,"column":12},"end":{"line":270,"column":12}},{"start":{"line":270,"column":12},"end":{"line":270,"column":12}}]},"23":{"line":281,"type":"if","locations":[{"start":{"line":281,"column":8},"end":{"line":281,"column":8}},{"start":{"line":281,"column":8},"end":{"line":281,"column":8}}]}}}}